Performing C++ SOURCE FILE Test HAS_FCOLOR_DIAGNOSTICS failed with the following output:
Change Dir: /home/hexiang/test/build/CMakeFiles/CMakeTmp

Run Build Command:"/usr/bin/make" "cmTC_73991/fast"
/usr/bin/make -f CMakeFiles/cmTC_73991.dir/build.make CMakeFiles/cmTC_73991.dir/build
make[1]: Entering directory '/home/hexiang/test/build/CMakeFiles/CMakeTmp'
Building CXX object CMakeFiles/cmTC_73991.dir/src.cxx.o
/usr/local/bin/c++    -DHAS_FCOLOR_DIAGNOSTICS   -fcolor-diagnostics -std=gnu++17 -o CMakeFiles/cmTC_73991.dir/src.cxx.o -c /home/hexiang/test/build/CMakeFiles/CMakeTmp/src.cxx
c++: error: unrecognized command line option '-fcolor-diagnostics'
CMakeFiles/cmTC_73991.dir/build.make:65: recipe for target 'CMakeFiles/cmTC_73991.dir/src.cxx.o' failed
make[1]: *** [CMakeFiles/cmTC_73991.dir/src.cxx.o] Error 1
make[1]: Leaving directory '/home/hexiang/test/build/CMakeFiles/CMakeTmp'
Makefile:121: recipe for target 'cmTC_73991/fast' failed
make: *** [cmTC_73991/fast] Error 2

Source file was:
int main() { return 0; }
Performing C++ SOURCE FILE Test HAS_WNO_gnu-anonymous-struct failed with the following output:
Change Dir: /home/hexiang/test/build/CMakeFiles/CMakeTmp

Run Build Command:"/usr/bin/make" "cmTC_b34c9/fast"
/usr/bin/make -f CMakeFiles/cmTC_b34c9.dir/build.make CMakeFiles/cmTC_b34c9.dir/build
make[1]: Entering directory '/home/hexiang/test/build/CMakeFiles/CMakeTmp'
Building CXX object CMakeFiles/cmTC_b34c9.dir/src.cxx.o
/usr/local/bin/c++    -DHAS_WNO_gnu-anonymous-struct   -Wno-gnu-anonymous-struct -std=gnu++17 -o CMakeFiles/cmTC_b34c9.dir/src.cxx.o -c /home/hexiang/test/build/CMakeFiles/CMakeTmp/src.cxx
<command-line>: warning: ISO C++11 requires whitespace after the macro name
cc1plus: warning: unrecognized command line option '-Wno-gnu-anonymous-struct'
Linking CXX executable cmTC_b34c9
/opt/cmake-3.12.2/bin/cmake -E cmake_link_script CMakeFiles/cmTC_b34c9.dir/link.txt --verbose=1
/usr/local/bin/c++   -DHAS_WNO_gnu-anonymous-struct    CMakeFiles/cmTC_b34c9.dir/src.cxx.o  -o cmTC_b34c9 
make[1]: Leaving directory '/home/hexiang/test/build/CMakeFiles/CMakeTmp'

Source file was:
int main() { return 0; }
Performing C++ SOURCE FILE Test HAS_WNO_nested-anon-types failed with the following output:
Change Dir: /home/hexiang/test/build/CMakeFiles/CMakeTmp

Run Build Command:"/usr/bin/make" "cmTC_373a8/fast"
/usr/bin/make -f CMakeFiles/cmTC_373a8.dir/build.make CMakeFiles/cmTC_373a8.dir/build
make[1]: Entering directory '/home/hexiang/test/build/CMakeFiles/CMakeTmp'
Building CXX object CMakeFiles/cmTC_373a8.dir/src.cxx.o
/usr/local/bin/c++    -DHAS_WNO_nested-anon-types   -Wno-nested-anon-types -std=gnu++17 -o CMakeFiles/cmTC_373a8.dir/src.cxx.o -c /home/hexiang/test/build/CMakeFiles/CMakeTmp/src.cxx
<command-line>: warning: ISO C++11 requires whitespace after the macro name
cc1plus: warning: unrecognized command line option '-Wno-nested-anon-types'
Linking CXX executable cmTC_373a8
/opt/cmake-3.12.2/bin/cmake -E cmake_link_script CMakeFiles/cmTC_373a8.dir/link.txt --verbose=1
/usr/local/bin/c++   -DHAS_WNO_nested-anon-types    CMakeFiles/cmTC_373a8.dir/src.cxx.o  -o cmTC_373a8 
make[1]: Leaving directory '/home/hexiang/test/build/CMakeFiles/CMakeTmp'

Source file was:
int main() { return 0; }
Performing C++ SOURCE FILE Test HAS_WNO_unused-lambda-capture failed with the following output:
Change Dir: /home/hexiang/test/build/CMakeFiles/CMakeTmp

Run Build Command:"/usr/bin/make" "cmTC_a23d0/fast"
/usr/bin/make -f CMakeFiles/cmTC_a23d0.dir/build.make CMakeFiles/cmTC_a23d0.dir/build
make[1]: Entering directory '/home/hexiang/test/build/CMakeFiles/CMakeTmp'
Building CXX object CMakeFiles/cmTC_a23d0.dir/src.cxx.o
/usr/local/bin/c++    -DHAS_WNO_unused-lambda-capture   -Wno-unused-lambda-capture -std=gnu++17 -o CMakeFiles/cmTC_a23d0.dir/src.cxx.o -c /home/hexiang/test/build/CMakeFiles/CMakeTmp/src.cxx
<command-line>: warning: ISO C++11 requires whitespace after the macro name
cc1plus: warning: unrecognized command line option '-Wno-unused-lambda-capture'
Linking CXX executable cmTC_a23d0
/opt/cmake-3.12.2/bin/cmake -E cmake_link_script CMakeFiles/cmTC_a23d0.dir/link.txt --verbose=1
/usr/local/bin/c++   -DHAS_WNO_unused-lambda-capture    CMakeFiles/cmTC_a23d0.dir/src.cxx.o  -o cmTC_a23d0 
make[1]: Leaving directory '/home/hexiang/test/build/CMakeFiles/CMakeTmp'

Source file was:
int main() { return 0; }
Performing C++ SOURCE FILE Test HAS_WNO_unused-private-field failed with the following output:
Change Dir: /home/hexiang/test/build/CMakeFiles/CMakeTmp

Run Build Command:"/usr/bin/make" "cmTC_7e28e/fast"
/usr/bin/make -f CMakeFiles/cmTC_7e28e.dir/build.make CMakeFiles/cmTC_7e28e.dir/build
make[1]: Entering directory '/home/hexiang/test/build/CMakeFiles/CMakeTmp'
Building CXX object CMakeFiles/cmTC_7e28e.dir/src.cxx.o
/usr/local/bin/c++    -DHAS_WNO_unused-private-field   -Wno-unused-private-field -std=gnu++17 -o CMakeFiles/cmTC_7e28e.dir/src.cxx.o -c /home/hexiang/test/build/CMakeFiles/CMakeTmp/src.cxx
<command-line>: warning: ISO C++11 requires whitespace after the macro name
cc1plus: warning: unrecognized command line option '-Wno-unused-private-field'
Linking CXX executable cmTC_7e28e
/opt/cmake-3.12.2/bin/cmake -E cmake_link_script CMakeFiles/cmTC_7e28e.dir/link.txt --verbose=1
/usr/local/bin/c++   -DHAS_WNO_unused-private-field    CMakeFiles/cmTC_7e28e.dir/src.cxx.o  -o cmTC_7e28e 
make[1]: Leaving directory '/home/hexiang/test/build/CMakeFiles/CMakeTmp'

Source file was:
int main() { return 0; }
Performing C++ SOURCE FILE Test HAS_WNO_inconsistent-missing-override failed with the following output:
Change Dir: /home/hexiang/test/build/CMakeFiles/CMakeTmp

Run Build Command:"/usr/bin/make" "cmTC_a441c/fast"
/usr/bin/make -f CMakeFiles/cmTC_a441c.dir/build.make CMakeFiles/cmTC_a441c.dir/build
make[1]: Entering directory '/home/hexiang/test/build/CMakeFiles/CMakeTmp'
Building CXX object CMakeFiles/cmTC_a441c.dir/src.cxx.o
/usr/local/bin/c++    -DHAS_WNO_inconsistent-missing-override   -Wno-inconsistent-missing-override -std=gnu++17 -o CMakeFiles/cmTC_a441c.dir/src.cxx.o -c /home/hexiang/test/build/CMakeFiles/CMakeTmp/src.cxx
<command-line>: warning: ISO C++11 requires whitespace after the macro name
cc1plus: warning: unrecognized command line option '-Wno-inconsistent-missing-override'
Linking CXX executable cmTC_a441c
/opt/cmake-3.12.2/bin/cmake -E cmake_link_script CMakeFiles/cmTC_a441c.dir/link.txt --verbose=1
/usr/local/bin/c++   -DHAS_WNO_inconsistent-missing-override    CMakeFiles/cmTC_a441c.dir/src.cxx.o  -o cmTC_a441c 
make[1]: Leaving directory '/home/hexiang/test/build/CMakeFiles/CMakeTmp'

Source file was:
int main() { return 0; }
Performing C++ SOURCE FILE Test HAS_WNO_range-loop-analysis failed with the following output:
Change Dir: /home/hexiang/test/build/CMakeFiles/CMakeTmp

Run Build Command:"/usr/bin/make" "cmTC_c787a/fast"
/usr/bin/make -f CMakeFiles/cmTC_c787a.dir/build.make CMakeFiles/cmTC_c787a.dir/build
make[1]: Entering directory '/home/hexiang/test/build/CMakeFiles/CMakeTmp'
Building CXX object CMakeFiles/cmTC_c787a.dir/src.cxx.o
/usr/local/bin/c++    -DHAS_WNO_range-loop-analysis   -Wno-range-loop-analysis -std=gnu++17 -o CMakeFiles/cmTC_c787a.dir/src.cxx.o -c /home/hexiang/test/build/CMakeFiles/CMakeTmp/src.cxx
<command-line>: warning: ISO C++11 requires whitespace after the macro name
cc1plus: warning: unrecognized command line option '-Wno-range-loop-analysis'
Linking CXX executable cmTC_c787a
/opt/cmake-3.12.2/bin/cmake -E cmake_link_script CMakeFiles/cmTC_c787a.dir/link.txt --verbose=1
/usr/local/bin/c++   -DHAS_WNO_range-loop-analysis    CMakeFiles/cmTC_c787a.dir/src.cxx.o  -o cmTC_c787a 
make[1]: Leaving directory '/home/hexiang/test/build/CMakeFiles/CMakeTmp'

Source file was:
int main() { return 0; }
Performing C++ SOURCE FILE Test HAS_WNO_tautological-overlap-compare failed with the following output:
Change Dir: /home/hexiang/test/build/CMakeFiles/CMakeTmp

Run Build Command:"/usr/bin/make" "cmTC_ff839/fast"
/usr/bin/make -f CMakeFiles/cmTC_ff839.dir/build.make CMakeFiles/cmTC_ff839.dir/build
make[1]: Entering directory '/home/hexiang/test/build/CMakeFiles/CMakeTmp'
Building CXX object CMakeFiles/cmTC_ff839.dir/src.cxx.o
/usr/local/bin/c++    -DHAS_WNO_tautological-overlap-compare   -Wno-tautological-overlap-compare -std=gnu++17 -o CMakeFiles/cmTC_ff839.dir/src.cxx.o -c /home/hexiang/test/build/CMakeFiles/CMakeTmp/src.cxx
<command-line>: warning: ISO C++11 requires whitespace after the macro name
cc1plus: warning: unrecognized command line option '-Wno-tautological-overlap-compare'
Linking CXX executable cmTC_ff839
/opt/cmake-3.12.2/bin/cmake -E cmake_link_script CMakeFiles/cmTC_ff839.dir/link.txt --verbose=1
/usr/local/bin/c++   -DHAS_WNO_tautological-overlap-compare    CMakeFiles/cmTC_ff839.dir/src.cxx.o  -o cmTC_ff839 
make[1]: Leaving directory '/home/hexiang/test/build/CMakeFiles/CMakeTmp'

Source file was:
int main() { return 0; }
Performing C++ SOURCE FILE Test HAS_WNO_macro-redefined failed with the following output:
Change Dir: /home/hexiang/test/build/CMakeFiles/CMakeTmp

Run Build Command:"/usr/bin/make" "cmTC_b393e/fast"
/usr/bin/make -f CMakeFiles/cmTC_b393e.dir/build.make CMakeFiles/cmTC_b393e.dir/build
make[1]: Entering directory '/home/hexiang/test/build/CMakeFiles/CMakeTmp'
Building CXX object CMakeFiles/cmTC_b393e.dir/src.cxx.o
/usr/local/bin/c++    -DHAS_WNO_macro-redefined   -Wno-macro-redefined -std=gnu++17 -o CMakeFiles/cmTC_b393e.dir/src.cxx.o -c /home/hexiang/test/build/CMakeFiles/CMakeTmp/src.cxx
<command-line>: warning: ISO C++11 requires whitespace after the macro name
cc1plus: warning: unrecognized command line option '-Wno-macro-redefined'
Linking CXX executable cmTC_b393e
/opt/cmake-3.12.2/bin/cmake -E cmake_link_script CMakeFiles/cmTC_b393e.dir/link.txt --verbose=1
/usr/local/bin/c++   -DHAS_WNO_macro-redefined    CMakeFiles/cmTC_b393e.dir/src.cxx.o  -o cmTC_b393e 
make[1]: Leaving directory '/home/hexiang/test/build/CMakeFiles/CMakeTmp'

Source file was:
int main() { return 0; }
Determining if the pthread_create exist failed with the following output:
Change Dir: /home/hexiang/test/build/CMakeFiles/CMakeTmp

Run Build Command:"/usr/bin/make" "cmTC_4cb61/fast"
/usr/bin/make -f CMakeFiles/cmTC_4cb61.dir/build.make CMakeFiles/cmTC_4cb61.dir/build
make[1]: Entering directory '/home/hexiang/test/build/CMakeFiles/CMakeTmp'
Building CXX object CMakeFiles/cmTC_4cb61.dir/CheckSymbolExists.cxx.o
/usr/local/bin/c++    -std=gnu++17 -o CMakeFiles/cmTC_4cb61.dir/CheckSymbolExists.cxx.o -c /home/hexiang/test/build/CMakeFiles/CMakeTmp/CheckSymbolExists.cxx
Linking CXX executable cmTC_4cb61
/opt/cmake-3.12.2/bin/cmake -E cmake_link_script CMakeFiles/cmTC_4cb61.dir/link.txt --verbose=1
/usr/local/bin/c++       CMakeFiles/cmTC_4cb61.dir/CheckSymbolExists.cxx.o  -o cmTC_4cb61 
/usr/local/lib/gcc/x86_64-pc-linux-gnu/8.2.0/../../../../x86_64-pc-linux-gnu/bin/ld: CMakeFiles/cmTC_4cb61.dir/CheckSymbolExists.cxx.o: in function `main':
CheckSymbolExists.cxx:(.text+0x16): undefined reference to `pthread_create'
collect2: 错误：ld 返回 1
CMakeFiles/cmTC_4cb61.dir/build.make:86: recipe for target 'cmTC_4cb61' failed
make[1]: *** [cmTC_4cb61] Error 1
make[1]: Leaving directory '/home/hexiang/test/build/CMakeFiles/CMakeTmp'
Makefile:121: recipe for target 'cmTC_4cb61/fast' failed
make: *** [cmTC_4cb61/fast] Error 2

File /home/hexiang/test/build/CMakeFiles/CMakeTmp/CheckSymbolExists.cxx:
/* */
#include <pthread.h>

int main(int argc, char** argv)
{
  (void)argv;
#ifndef pthread_create
  return ((int*)(&pthread_create))[argc];
#else
  (void)argc;
  return 0;
#endif
}

