The system is: Linux - 4.15.0-132-generic - x86_64
Compiling the CXX compiler identification source file "CMakeCXXCompilerId.cpp" succeeded.
Compiler: /usr/local/bin/c++ 
Build flags: 
Id flags:  

The output was:
0


Compilation of the CXX compiler identification source "CMakeCXXCompilerId.cpp" produced "a.out"

The CXX compiler identification is GNU, found in "/home/hexiang/test/build/CMakeFiles/3.12.3/CompilerIdCXX/a.out"

Determining if the CXX compiler works passed with the following output:
Change Dir: /home/hexiang/test/build/CMakeFiles/CMakeTmp

Run Build Command:"/usr/bin/make" "cmTC_f6321/fast"
/usr/bin/make -f CMakeFiles/cmTC_f6321.dir/build.make CMakeFiles/cmTC_f6321.dir/build
make[1]: Entering directory '/home/hexiang/test/build/CMakeFiles/CMakeTmp'
Building CXX object CMakeFiles/cmTC_f6321.dir/testCXXCompiler.cxx.o
/usr/local/bin/c++     -o CMakeFiles/cmTC_f6321.dir/testCXXCompiler.cxx.o -c /home/hexiang/test/build/CMakeFiles/CMakeTmp/testCXXCompiler.cxx
Linking CXX executable cmTC_f6321
/usr/local/bin/cmake -E cmake_link_script CMakeFiles/cmTC_f6321.dir/link.txt --verbose=1
/usr/local/bin/c++       CMakeFiles/cmTC_f6321.dir/testCXXCompiler.cxx.o  -o cmTC_f6321 
make[1]: Leaving directory '/home/hexiang/test/build/CMakeFiles/CMakeTmp'


Detecting CXX compiler ABI info compiled with the following output:
Change Dir: /home/hexiang/test/build/CMakeFiles/CMakeTmp

Run Build Command:"/usr/bin/make" "cmTC_9ebc2/fast"
/usr/bin/make -f CMakeFiles/cmTC_9ebc2.dir/build.make CMakeFiles/cmTC_9ebc2.dir/build
make[1]: Entering directory '/home/hexiang/test/build/CMakeFiles/CMakeTmp'
Building CXX object CMakeFiles/cmTC_9ebc2.dir/CMakeCXXCompilerABI.cpp.o
/usr/local/bin/c++     -o CMakeFiles/cmTC_9ebc2.dir/CMakeCXXCompilerABI.cpp.o -c /usr/local/share/cmake-3.12/Modules/CMakeCXXCompilerABI.cpp
Linking CXX executable cmTC_9ebc2
/usr/local/bin/cmake -E cmake_link_script CMakeFiles/cmTC_9ebc2.dir/link.txt --verbose=1
/usr/local/bin/c++      -v CMakeFiles/cmTC_9ebc2.dir/CMakeCXXCompilerABI.cpp.o  -o cmTC_9ebc2 
使用内建 specs。
COLLECT_GCC=/usr/local/bin/c++
COLLECT_LTO_WRAPPER=/usr/local/libexec/gcc/x86_64-pc-linux-gnu/8.2.0/lto-wrapper
目标：x86_64-pc-linux-gnu
配置为：../gcc-8.2.0/configure --enable-checking=release --enable-languages=c,c++ --disable-multilib
线程模型：posix
gcc 版本 8.2.0 (GCC) 
COMPILER_PATH=/usr/local/libexec/gcc/x86_64-pc-linux-gnu/8.2.0/:/usr/local/libexec/gcc/x86_64-pc-linux-gnu/8.2.0/:/usr/local/libexec/gcc/x86_64-pc-linux-gnu/:/usr/local/lib/gcc/x86_64-pc-linux-gnu/8.2.0/:/usr/local/lib/gcc/x86_64-pc-linux-gnu/:/usr/local/lib/gcc/x86_64-pc-linux-gnu/8.2.0/../../../../x86_64-pc-linux-gnu/bin/
LIBRARY_PATH=/usr/local/lib/gcc/x86_64-pc-linux-gnu/8.2.0/:/usr/local/lib/gcc/x86_64-pc-linux-gnu/8.2.0/../../../../lib64/:/lib/x86_64-linux-gnu/:/lib/../lib64/:/usr/lib/x86_64-linux-gnu/:/usr/local/lib/gcc/x86_64-pc-linux-gnu/8.2.0/../../../../x86_64-pc-linux-gnu/lib/:/usr/local/lib/gcc/x86_64-pc-linux-gnu/8.2.0/../../../:/lib/:/usr/lib/
COLLECT_GCC_OPTIONS='-v' '-o' 'cmTC_9ebc2' '-shared-libgcc' '-mtune=generic' '-march=x86-64'
 /usr/local/libexec/gcc/x86_64-pc-linux-gnu/8.2.0/collect2 -plugin /usr/local/libexec/gcc/x86_64-pc-linux-gnu/8.2.0/liblto_plugin.so -plugin-opt=/usr/local/libexec/gcc/x86_64-pc-linux-gnu/8.2.0/lto-wrapper -plugin-opt=-fresolution=/tmp/cczxJY2j.res -plugin-opt=-pass-through=-lgcc_s -plugin-opt=-pass-through=-lgcc -plugin-opt=-pass-through=-lc -plugin-opt=-pass-through=-lgcc_s -plugin-opt=-pass-through=-lgcc --eh-frame-hdr -m elf_x86_64 -dynamic-linker /lib64/ld-linux-x86-64.so.2 -o cmTC_9ebc2 /usr/lib/x86_64-linux-gnu/crt1.o /usr/lib/x86_64-linux-gnu/crti.o /usr/local/lib/gcc/x86_64-pc-linux-gnu/8.2.0/crtbegin.o -L/usr/local/lib/gcc/x86_64-pc-linux-gnu/8.2.0 -L/usr/local/lib/gcc/x86_64-pc-linux-gnu/8.2.0/../../../../lib64 -L/lib/x86_64-linux-gnu -L/lib/../lib64 -L/usr/lib/x86_64-linux-gnu -L/usr/local/lib/gcc/x86_64-pc-linux-gnu/8.2.0/../../../../x86_64-pc-linux-gnu/lib -L/usr/local/lib/gcc/x86_64-pc-linux-gnu/8.2.0/../../.. CMakeFiles/cmTC_9ebc2.dir/CMakeCXXCompilerABI.cpp.o -lstdc++ -lm -lgcc_s -lgcc -lc -lgcc_s -lgcc /usr/local/lib/gcc/x86_64-pc-linux-gnu/8.2.0/crtend.o /usr/lib/x86_64-linux-gnu/crtn.o
COLLECT_GCC_OPTIONS='-v' '-o' 'cmTC_9ebc2' '-shared-libgcc' '-mtune=generic' '-march=x86-64'
make[1]: Leaving directory '/home/hexiang/test/build/CMakeFiles/CMakeTmp'


Parsed CXX implicit link information from above output:
  link line regex: [^( *|.*[/\])(ld|CMAKE_LINK_STARTFILE-NOTFOUND|([^/\]+-)?ld|collect2)[^/\]*( |$)]
  ignore line: [Change Dir: /home/hexiang/test/build/CMakeFiles/CMakeTmp]
  ignore line: []
  ignore line: [Run Build Command:"/usr/bin/make" "cmTC_9ebc2/fast"]
  ignore line: [/usr/bin/make -f CMakeFiles/cmTC_9ebc2.dir/build.make CMakeFiles/cmTC_9ebc2.dir/build]
  ignore line: [make[1]: Entering directory '/home/hexiang/test/build/CMakeFiles/CMakeTmp']
  ignore line: [Building CXX object CMakeFiles/cmTC_9ebc2.dir/CMakeCXXCompilerABI.cpp.o]
  ignore line: [/usr/local/bin/c++     -o CMakeFiles/cmTC_9ebc2.dir/CMakeCXXCompilerABI.cpp.o -c /usr/local/share/cmake-3.12/Modules/CMakeCXXCompilerABI.cpp]
  ignore line: [Linking CXX executable cmTC_9ebc2]
  ignore line: [/usr/local/bin/cmake -E cmake_link_script CMakeFiles/cmTC_9ebc2.dir/link.txt --verbose=1]
  ignore line: [/usr/local/bin/c++      -v CMakeFiles/cmTC_9ebc2.dir/CMakeCXXCompilerABI.cpp.o  -o cmTC_9ebc2 ]
  ignore line: [使用内建 specs。]
  ignore line: [COLLECT_GCC=/usr/local/bin/c++]
  ignore line: [COLLECT_LTO_WRAPPER=/usr/local/libexec/gcc/x86_64-pc-linux-gnu/8.2.0/lto-wrapper]
  ignore line: [目标：x86_64-pc-linux-gnu]
  ignore line: [配置为：../gcc-8.2.0/configure --enable-checking=release --enable-languages=c,c++ --disable-multilib]
  ignore line: [线程模型：posix]
  ignore line: [gcc 版本 8.2.0 (GCC) ]
  ignore line: [COMPILER_PATH=/usr/local/libexec/gcc/x86_64-pc-linux-gnu/8.2.0/:/usr/local/libexec/gcc/x86_64-pc-linux-gnu/8.2.0/:/usr/local/libexec/gcc/x86_64-pc-linux-gnu/:/usr/local/lib/gcc/x86_64-pc-linux-gnu/8.2.0/:/usr/local/lib/gcc/x86_64-pc-linux-gnu/:/usr/local/lib/gcc/x86_64-pc-linux-gnu/8.2.0/../../../../x86_64-pc-linux-gnu/bin/]
  ignore line: [LIBRARY_PATH=/usr/local/lib/gcc/x86_64-pc-linux-gnu/8.2.0/:/usr/local/lib/gcc/x86_64-pc-linux-gnu/8.2.0/../../../../lib64/:/lib/x86_64-linux-gnu/:/lib/../lib64/:/usr/lib/x86_64-linux-gnu/:/usr/local/lib/gcc/x86_64-pc-linux-gnu/8.2.0/../../../../x86_64-pc-linux-gnu/lib/:/usr/local/lib/gcc/x86_64-pc-linux-gnu/8.2.0/../../../:/lib/:/usr/lib/]
  ignore line: [COLLECT_GCC_OPTIONS='-v' '-o' 'cmTC_9ebc2' '-shared-libgcc' '-mtune=generic' '-march=x86-64']
  link line: [ /usr/local/libexec/gcc/x86_64-pc-linux-gnu/8.2.0/collect2 -plugin /usr/local/libexec/gcc/x86_64-pc-linux-gnu/8.2.0/liblto_plugin.so -plugin-opt=/usr/local/libexec/gcc/x86_64-pc-linux-gnu/8.2.0/lto-wrapper -plugin-opt=-fresolution=/tmp/cczxJY2j.res -plugin-opt=-pass-through=-lgcc_s -plugin-opt=-pass-through=-lgcc -plugin-opt=-pass-through=-lc -plugin-opt=-pass-through=-lgcc_s -plugin-opt=-pass-through=-lgcc --eh-frame-hdr -m elf_x86_64 -dynamic-linker /lib64/ld-linux-x86-64.so.2 -o cmTC_9ebc2 /usr/lib/x86_64-linux-gnu/crt1.o /usr/lib/x86_64-linux-gnu/crti.o /usr/local/lib/gcc/x86_64-pc-linux-gnu/8.2.0/crtbegin.o -L/usr/local/lib/gcc/x86_64-pc-linux-gnu/8.2.0 -L/usr/local/lib/gcc/x86_64-pc-linux-gnu/8.2.0/../../../../lib64 -L/lib/x86_64-linux-gnu -L/lib/../lib64 -L/usr/lib/x86_64-linux-gnu -L/usr/local/lib/gcc/x86_64-pc-linux-gnu/8.2.0/../../../../x86_64-pc-linux-gnu/lib -L/usr/local/lib/gcc/x86_64-pc-linux-gnu/8.2.0/../../.. CMakeFiles/cmTC_9ebc2.dir/CMakeCXXCompilerABI.cpp.o -lstdc++ -lm -lgcc_s -lgcc -lc -lgcc_s -lgcc /usr/local/lib/gcc/x86_64-pc-linux-gnu/8.2.0/crtend.o /usr/lib/x86_64-linux-gnu/crtn.o]
    arg [/usr/local/libexec/gcc/x86_64-pc-linux-gnu/8.2.0/collect2] ==> ignore
    arg [-plugin] ==> ignore
    arg [/usr/local/libexec/gcc/x86_64-pc-linux-gnu/8.2.0/liblto_plugin.so] ==> ignore
    arg [-plugin-opt=/usr/local/libexec/gcc/x86_64-pc-linux-gnu/8.2.0/lto-wrapper] ==> ignore
    arg [-plugin-opt=-fresolution=/tmp/cczxJY2j.res] ==> ignore
    arg [-plugin-opt=-pass-through=-lgcc_s] ==> ignore
    arg [-plugin-opt=-pass-through=-lgcc] ==> ignore
    arg [-plugin-opt=-pass-through=-lc] ==> ignore
    arg [-plugin-opt=-pass-through=-lgcc_s] ==> ignore
    arg [-plugin-opt=-pass-through=-lgcc] ==> ignore
    arg [--eh-frame-hdr] ==> ignore
    arg [-m] ==> ignore
    arg [elf_x86_64] ==> ignore
    arg [-dynamic-linker] ==> ignore
    arg [/lib64/ld-linux-x86-64.so.2] ==> ignore
    arg [-o] ==> ignore
    arg [cmTC_9ebc2] ==> ignore
    arg [/usr/lib/x86_64-linux-gnu/crt1.o] ==> ignore
    arg [/usr/lib/x86_64-linux-gnu/crti.o] ==> ignore
    arg [/usr/local/lib/gcc/x86_64-pc-linux-gnu/8.2.0/crtbegin.o] ==> ignore
    arg [-L/usr/local/lib/gcc/x86_64-pc-linux-gnu/8.2.0] ==> dir [/usr/local/lib/gcc/x86_64-pc-linux-gnu/8.2.0]
    arg [-L/usr/local/lib/gcc/x86_64-pc-linux-gnu/8.2.0/../../../../lib64] ==> dir [/usr/local/lib/gcc/x86_64-pc-linux-gnu/8.2.0/../../../../lib64]
    arg [-L/lib/x86_64-linux-gnu] ==> dir [/lib/x86_64-linux-gnu]
    arg [-L/lib/../lib64] ==> dir [/lib/../lib64]
    arg [-L/usr/lib/x86_64-linux-gnu] ==> dir [/usr/lib/x86_64-linux-gnu]
    arg [-L/usr/local/lib/gcc/x86_64-pc-linux-gnu/8.2.0/../../../../x86_64-pc-linux-gnu/lib] ==> dir [/usr/local/lib/gcc/x86_64-pc-linux-gnu/8.2.0/../../../../x86_64-pc-linux-gnu/lib]
    arg [-L/usr/local/lib/gcc/x86_64-pc-linux-gnu/8.2.0/../../..] ==> dir [/usr/local/lib/gcc/x86_64-pc-linux-gnu/8.2.0/../../..]
    arg [CMakeFiles/cmTC_9ebc2.dir/CMakeCXXCompilerABI.cpp.o] ==> ignore
    arg [-lstdc++] ==> lib [stdc++]
    arg [-lm] ==> lib [m]
    arg [-lgcc_s] ==> lib [gcc_s]
    arg [-lgcc] ==> lib [gcc]
    arg [-lc] ==> lib [c]
    arg [-lgcc_s] ==> lib [gcc_s]
    arg [-lgcc] ==> lib [gcc]
    arg [/usr/local/lib/gcc/x86_64-pc-linux-gnu/8.2.0/crtend.o] ==> ignore
    arg [/usr/lib/x86_64-linux-gnu/crtn.o] ==> ignore
  collapse library dir [/usr/local/lib/gcc/x86_64-pc-linux-gnu/8.2.0] ==> [/usr/local/lib/gcc/x86_64-pc-linux-gnu/8.2.0]
  collapse library dir [/usr/local/lib/gcc/x86_64-pc-linux-gnu/8.2.0/../../../../lib64] ==> [/usr/local/lib64]
  collapse library dir [/lib/x86_64-linux-gnu] ==> [/lib/x86_64-linux-gnu]
  collapse library dir [/lib/../lib64] ==> [/lib64]
  collapse library dir [/usr/lib/x86_64-linux-gnu] ==> [/usr/lib/x86_64-linux-gnu]
  collapse library dir [/usr/local/lib/gcc/x86_64-pc-linux-gnu/8.2.0/../../../../x86_64-pc-linux-gnu/lib] ==> [/usr/local/x86_64-pc-linux-gnu/lib]
  collapse library dir [/usr/local/lib/gcc/x86_64-pc-linux-gnu/8.2.0/../../..] ==> [/usr/local/lib]
  implicit libs: [stdc++;m;gcc_s;gcc;c;gcc_s;gcc]
  implicit dirs: [/usr/local/lib/gcc/x86_64-pc-linux-gnu/8.2.0;/usr/local/lib64;/lib/x86_64-linux-gnu;/lib64;/usr/lib/x86_64-linux-gnu;/usr/local/x86_64-pc-linux-gnu/lib;/usr/local/lib]
  implicit fwks: []




Detecting CXX [-std=c++2a] compiler features compiled with the following output:
Change Dir: /home/hexiang/test/build/CMakeFiles/CMakeTmp

Run Build Command:"/usr/bin/make" "cmTC_25235/fast"
/usr/bin/make -f CMakeFiles/cmTC_25235.dir/build.make CMakeFiles/cmTC_25235.dir/build
make[1]: Entering directory '/home/hexiang/test/build/CMakeFiles/CMakeTmp'
Building CXX object CMakeFiles/cmTC_25235.dir/feature_tests.cxx.o
/usr/local/bin/c++    -std=c++2a -o CMakeFiles/cmTC_25235.dir/feature_tests.cxx.o -c /home/hexiang/test/build/CMakeFiles/feature_tests.cxx
Linking CXX executable cmTC_25235
/usr/local/bin/cmake -E cmake_link_script CMakeFiles/cmTC_25235.dir/link.txt --verbose=1
/usr/local/bin/c++       CMakeFiles/cmTC_25235.dir/feature_tests.cxx.o  -o cmTC_25235 
make[1]: Leaving directory '/home/hexiang/test/build/CMakeFiles/CMakeTmp'


    Feature record: CXX_FEATURE:1cxx_aggregate_default_initializers
    Feature record: CXX_FEATURE:1cxx_alias_templates
    Feature record: CXX_FEATURE:1cxx_alignas
    Feature record: CXX_FEATURE:1cxx_alignof
    Feature record: CXX_FEATURE:1cxx_attributes
    Feature record: CXX_FEATURE:1cxx_attribute_deprecated
    Feature record: CXX_FEATURE:1cxx_auto_type
    Feature record: CXX_FEATURE:1cxx_binary_literals
    Feature record: CXX_FEATURE:1cxx_constexpr
    Feature record: CXX_FEATURE:1cxx_contextual_conversions
    Feature record: CXX_FEATURE:1cxx_decltype
    Feature record: CXX_FEATURE:1cxx_decltype_auto
    Feature record: CXX_FEATURE:1cxx_decltype_incomplete_return_types
    Feature record: CXX_FEATURE:1cxx_default_function_template_args
    Feature record: CXX_FEATURE:1cxx_defaulted_functions
    Feature record: CXX_FEATURE:1cxx_defaulted_move_initializers
    Feature record: CXX_FEATURE:1cxx_delegating_constructors
    Feature record: CXX_FEATURE:1cxx_deleted_functions
    Feature record: CXX_FEATURE:1cxx_digit_separators
    Feature record: CXX_FEATURE:1cxx_enum_forward_declarations
    Feature record: CXX_FEATURE:1cxx_explicit_conversions
    Feature record: CXX_FEATURE:1cxx_extended_friend_declarations
    Feature record: CXX_FEATURE:1cxx_extern_templates
    Feature record: CXX_FEATURE:1cxx_final
    Feature record: CXX_FEATURE:1cxx_func_identifier
    Feature record: CXX_FEATURE:1cxx_generalized_initializers
    Feature record: CXX_FEATURE:1cxx_generic_lambdas
    Feature record: CXX_FEATURE:1cxx_inheriting_constructors
    Feature record: CXX_FEATURE:1cxx_inline_namespaces
    Feature record: CXX_FEATURE:1cxx_lambdas
    Feature record: CXX_FEATURE:1cxx_lambda_init_captures
    Feature record: CXX_FEATURE:1cxx_local_type_template_args
    Feature record: CXX_FEATURE:1cxx_long_long_type
    Feature record: CXX_FEATURE:1cxx_noexcept
    Feature record: CXX_FEATURE:1cxx_nonstatic_member_init
    Feature record: CXX_FEATURE:1cxx_nullptr
    Feature record: CXX_FEATURE:1cxx_override
    Feature record: CXX_FEATURE:1cxx_range_for
    Feature record: CXX_FEATURE:1cxx_raw_string_literals
    Feature record: CXX_FEATURE:1cxx_reference_qualified_functions
    Feature record: CXX_FEATURE:1cxx_relaxed_constexpr
    Feature record: CXX_FEATURE:1cxx_return_type_deduction
    Feature record: CXX_FEATURE:1cxx_right_angle_brackets
    Feature record: CXX_FEATURE:1cxx_rvalue_references
    Feature record: CXX_FEATURE:1cxx_sizeof_member
    Feature record: CXX_FEATURE:1cxx_static_assert
    Feature record: CXX_FEATURE:1cxx_strong_enums
    Feature record: CXX_FEATURE:1cxx_template_template_parameters
    Feature record: CXX_FEATURE:1cxx_thread_local
    Feature record: CXX_FEATURE:1cxx_trailing_return_types
    Feature record: CXX_FEATURE:1cxx_unicode_literals
    Feature record: CXX_FEATURE:1cxx_uniform_initialization
    Feature record: CXX_FEATURE:1cxx_unrestricted_unions
    Feature record: CXX_FEATURE:1cxx_user_literals
    Feature record: CXX_FEATURE:1cxx_variable_templates
    Feature record: CXX_FEATURE:1cxx_variadic_macros
    Feature record: CXX_FEATURE:1cxx_variadic_templates


Detecting CXX [-std=c++17] compiler features compiled with the following output:
Change Dir: /home/hexiang/test/build/CMakeFiles/CMakeTmp

Run Build Command:"/usr/bin/make" "cmTC_dc179/fast"
/usr/bin/make -f CMakeFiles/cmTC_dc179.dir/build.make CMakeFiles/cmTC_dc179.dir/build
make[1]: Entering directory '/home/hexiang/test/build/CMakeFiles/CMakeTmp'
Building CXX object CMakeFiles/cmTC_dc179.dir/feature_tests.cxx.o
/usr/local/bin/c++    -std=c++17 -o CMakeFiles/cmTC_dc179.dir/feature_tests.cxx.o -c /home/hexiang/test/build/CMakeFiles/feature_tests.cxx
Linking CXX executable cmTC_dc179
/usr/local/bin/cmake -E cmake_link_script CMakeFiles/cmTC_dc179.dir/link.txt --verbose=1
/usr/local/bin/c++       CMakeFiles/cmTC_dc179.dir/feature_tests.cxx.o  -o cmTC_dc179 
make[1]: Leaving directory '/home/hexiang/test/build/CMakeFiles/CMakeTmp'


    Feature record: CXX_FEATURE:1cxx_aggregate_default_initializers
    Feature record: CXX_FEATURE:1cxx_alias_templates
    Feature record: CXX_FEATURE:1cxx_alignas
    Feature record: CXX_FEATURE:1cxx_alignof
    Feature record: CXX_FEATURE:1cxx_attributes
    Feature record: CXX_FEATURE:1cxx_attribute_deprecated
    Feature record: CXX_FEATURE:1cxx_auto_type
    Feature record: CXX_FEATURE:1cxx_binary_literals
    Feature record: CXX_FEATURE:1cxx_constexpr
    Feature record: CXX_FEATURE:1cxx_contextual_conversions
    Feature record: CXX_FEATURE:1cxx_decltype
    Feature record: CXX_FEATURE:1cxx_decltype_auto
    Feature record: CXX_FEATURE:1cxx_decltype_incomplete_return_types
    Feature record: CXX_FEATURE:1cxx_default_function_template_args
    Feature record: CXX_FEATURE:1cxx_defaulted_functions
    Feature record: CXX_FEATURE:1cxx_defaulted_move_initializers
    Feature record: CXX_FEATURE:1cxx_delegating_constructors
    Feature record: CXX_FEATURE:1cxx_deleted_functions
    Feature record: CXX_FEATURE:1cxx_digit_separators
    Feature record: CXX_FEATURE:1cxx_enum_forward_declarations
    Feature record: CXX_FEATURE:1cxx_explicit_conversions
    Feature record: CXX_FEATURE:1cxx_extended_friend_declarations
    Feature record: CXX_FEATURE:1cxx_extern_templates
    Feature record: CXX_FEATURE:1cxx_final
    Feature record: CXX_FEATURE:1cxx_func_identifier
    Feature record: CXX_FEATURE:1cxx_generalized_initializers
    Feature record: CXX_FEATURE:1cxx_generic_lambdas
    Feature record: CXX_FEATURE:1cxx_inheriting_constructors
    Feature record: CXX_FEATURE:1cxx_inline_namespaces
    Feature record: CXX_FEATURE:1cxx_lambdas
    Feature record: CXX_FEATURE:1cxx_lambda_init_captures
    Feature record: CXX_FEATURE:1cxx_local_type_template_args
    Feature record: CXX_FEATURE:1cxx_long_long_type
    Feature record: CXX_FEATURE:1cxx_noexcept
    Feature record: CXX_FEATURE:1cxx_nonstatic_member_init
    Feature record: CXX_FEATURE:1cxx_nullptr
    Feature record: CXX_FEATURE:1cxx_override
    Feature record: CXX_FEATURE:1cxx_range_for
    Feature record: CXX_FEATURE:1cxx_raw_string_literals
    Feature record: CXX_FEATURE:1cxx_reference_qualified_functions
    Feature record: CXX_FEATURE:1cxx_relaxed_constexpr
    Feature record: CXX_FEATURE:1cxx_return_type_deduction
    Feature record: CXX_FEATURE:1cxx_right_angle_brackets
    Feature record: CXX_FEATURE:1cxx_rvalue_references
    Feature record: CXX_FEATURE:1cxx_sizeof_member
    Feature record: CXX_FEATURE:1cxx_static_assert
    Feature record: CXX_FEATURE:1cxx_strong_enums
    Feature record: CXX_FEATURE:1cxx_template_template_parameters
    Feature record: CXX_FEATURE:1cxx_thread_local
    Feature record: CXX_FEATURE:1cxx_trailing_return_types
    Feature record: CXX_FEATURE:1cxx_unicode_literals
    Feature record: CXX_FEATURE:1cxx_uniform_initialization
    Feature record: CXX_FEATURE:1cxx_unrestricted_unions
    Feature record: CXX_FEATURE:1cxx_user_literals
    Feature record: CXX_FEATURE:1cxx_variable_templates
    Feature record: CXX_FEATURE:1cxx_variadic_macros
    Feature record: CXX_FEATURE:1cxx_variadic_templates


Detecting CXX [-std=c++14] compiler features compiled with the following output:
Change Dir: /home/hexiang/test/build/CMakeFiles/CMakeTmp

Run Build Command:"/usr/bin/make" "cmTC_213d5/fast"
/usr/bin/make -f CMakeFiles/cmTC_213d5.dir/build.make CMakeFiles/cmTC_213d5.dir/build
make[1]: Entering directory '/home/hexiang/test/build/CMakeFiles/CMakeTmp'
Building CXX object CMakeFiles/cmTC_213d5.dir/feature_tests.cxx.o
/usr/local/bin/c++    -std=c++14 -o CMakeFiles/cmTC_213d5.dir/feature_tests.cxx.o -c /home/hexiang/test/build/CMakeFiles/feature_tests.cxx
Linking CXX executable cmTC_213d5
/usr/local/bin/cmake -E cmake_link_script CMakeFiles/cmTC_213d5.dir/link.txt --verbose=1
/usr/local/bin/c++       CMakeFiles/cmTC_213d5.dir/feature_tests.cxx.o  -o cmTC_213d5 
make[1]: Leaving directory '/home/hexiang/test/build/CMakeFiles/CMakeTmp'


    Feature record: CXX_FEATURE:1cxx_aggregate_default_initializers
    Feature record: CXX_FEATURE:1cxx_alias_templates
    Feature record: CXX_FEATURE:1cxx_alignas
    Feature record: CXX_FEATURE:1cxx_alignof
    Feature record: CXX_FEATURE:1cxx_attributes
    Feature record: CXX_FEATURE:1cxx_attribute_deprecated
    Feature record: CXX_FEATURE:1cxx_auto_type
    Feature record: CXX_FEATURE:1cxx_binary_literals
    Feature record: CXX_FEATURE:1cxx_constexpr
    Feature record: CXX_FEATURE:1cxx_contextual_conversions
    Feature record: CXX_FEATURE:1cxx_decltype
    Feature record: CXX_FEATURE:1cxx_decltype_auto
    Feature record: CXX_FEATURE:1cxx_decltype_incomplete_return_types
    Feature record: CXX_FEATURE:1cxx_default_function_template_args
    Feature record: CXX_FEATURE:1cxx_defaulted_functions
    Feature record: CXX_FEATURE:1cxx_defaulted_move_initializers
    Feature record: CXX_FEATURE:1cxx_delegating_constructors
    Feature record: CXX_FEATURE:1cxx_deleted_functions
    Feature record: CXX_FEATURE:1cxx_digit_separators
    Feature record: CXX_FEATURE:1cxx_enum_forward_declarations
    Feature record: CXX_FEATURE:1cxx_explicit_conversions
    Feature record: CXX_FEATURE:1cxx_extended_friend_declarations
    Feature record: CXX_FEATURE:1cxx_extern_templates
    Feature record: CXX_FEATURE:1cxx_final
    Feature record: CXX_FEATURE:1cxx_func_identifier
    Feature record: CXX_FEATURE:1cxx_generalized_initializers
    Feature record: CXX_FEATURE:1cxx_generic_lambdas
    Feature record: CXX_FEATURE:1cxx_inheriting_constructors
    Feature record: CXX_FEATURE:1cxx_inline_namespaces
    Feature record: CXX_FEATURE:1cxx_lambdas
    Feature record: CXX_FEATURE:1cxx_lambda_init_captures
    Feature record: CXX_FEATURE:1cxx_local_type_template_args
    Feature record: CXX_FEATURE:1cxx_long_long_type
    Feature record: CXX_FEATURE:1cxx_noexcept
    Feature record: CXX_FEATURE:1cxx_nonstatic_member_init
    Feature record: CXX_FEATURE:1cxx_nullptr
    Feature record: CXX_FEATURE:1cxx_override
    Feature record: CXX_FEATURE:1cxx_range_for
    Feature record: CXX_FEATURE:1cxx_raw_string_literals
    Feature record: CXX_FEATURE:1cxx_reference_qualified_functions
    Feature record: CXX_FEATURE:1cxx_relaxed_constexpr
    Feature record: CXX_FEATURE:1cxx_return_type_deduction
    Feature record: CXX_FEATURE:1cxx_right_angle_brackets
    Feature record: CXX_FEATURE:1cxx_rvalue_references
    Feature record: CXX_FEATURE:1cxx_sizeof_member
    Feature record: CXX_FEATURE:1cxx_static_assert
    Feature record: CXX_FEATURE:1cxx_strong_enums
    Feature record: CXX_FEATURE:1cxx_template_template_parameters
    Feature record: CXX_FEATURE:1cxx_thread_local
    Feature record: CXX_FEATURE:1cxx_trailing_return_types
    Feature record: CXX_FEATURE:1cxx_unicode_literals
    Feature record: CXX_FEATURE:1cxx_uniform_initialization
    Feature record: CXX_FEATURE:1cxx_unrestricted_unions
    Feature record: CXX_FEATURE:1cxx_user_literals
    Feature record: CXX_FEATURE:1cxx_variable_templates
    Feature record: CXX_FEATURE:1cxx_variadic_macros
    Feature record: CXX_FEATURE:1cxx_variadic_templates


Detecting CXX [-std=c++11] compiler features compiled with the following output:
Change Dir: /home/hexiang/test/build/CMakeFiles/CMakeTmp

Run Build Command:"/usr/bin/make" "cmTC_079a3/fast"
/usr/bin/make -f CMakeFiles/cmTC_079a3.dir/build.make CMakeFiles/cmTC_079a3.dir/build
make[1]: Entering directory '/home/hexiang/test/build/CMakeFiles/CMakeTmp'
Building CXX object CMakeFiles/cmTC_079a3.dir/feature_tests.cxx.o
/usr/local/bin/c++    -std=c++11 -o CMakeFiles/cmTC_079a3.dir/feature_tests.cxx.o -c /home/hexiang/test/build/CMakeFiles/feature_tests.cxx
Linking CXX executable cmTC_079a3
/usr/local/bin/cmake -E cmake_link_script CMakeFiles/cmTC_079a3.dir/link.txt --verbose=1
/usr/local/bin/c++       CMakeFiles/cmTC_079a3.dir/feature_tests.cxx.o  -o cmTC_079a3 
make[1]: Leaving directory '/home/hexiang/test/build/CMakeFiles/CMakeTmp'


    Feature record: CXX_FEATURE:0cxx_aggregate_default_initializers
    Feature record: CXX_FEATURE:1cxx_alias_templates
    Feature record: CXX_FEATURE:1cxx_alignas
    Feature record: CXX_FEATURE:1cxx_alignof
    Feature record: CXX_FEATURE:1cxx_attributes
    Feature record: CXX_FEATURE:0cxx_attribute_deprecated
    Feature record: CXX_FEATURE:1cxx_auto_type
    Feature record: CXX_FEATURE:0cxx_binary_literals
    Feature record: CXX_FEATURE:1cxx_constexpr
    Feature record: CXX_FEATURE:0cxx_contextual_conversions
    Feature record: CXX_FEATURE:1cxx_decltype
    Feature record: CXX_FEATURE:0cxx_decltype_auto
    Feature record: CXX_FEATURE:1cxx_decltype_incomplete_return_types
    Feature record: CXX_FEATURE:1cxx_default_function_template_args
    Feature record: CXX_FEATURE:1cxx_defaulted_functions
    Feature record: CXX_FEATURE:1cxx_defaulted_move_initializers
    Feature record: CXX_FEATURE:1cxx_delegating_constructors
    Feature record: CXX_FEATURE:1cxx_deleted_functions
    Feature record: CXX_FEATURE:0cxx_digit_separators
    Feature record: CXX_FEATURE:1cxx_enum_forward_declarations
    Feature record: CXX_FEATURE:1cxx_explicit_conversions
    Feature record: CXX_FEATURE:1cxx_extended_friend_declarations
    Feature record: CXX_FEATURE:1cxx_extern_templates
    Feature record: CXX_FEATURE:1cxx_final
    Feature record: CXX_FEATURE:1cxx_func_identifier
    Feature record: CXX_FEATURE:1cxx_generalized_initializers
    Feature record: CXX_FEATURE:0cxx_generic_lambdas
    Feature record: CXX_FEATURE:1cxx_inheriting_constructors
    Feature record: CXX_FEATURE:1cxx_inline_namespaces
    Feature record: CXX_FEATURE:1cxx_lambdas
    Feature record: CXX_FEATURE:0cxx_lambda_init_captures
    Feature record: CXX_FEATURE:1cxx_local_type_template_args
    Feature record: CXX_FEATURE:1cxx_long_long_type
    Feature record: CXX_FEATURE:1cxx_noexcept
    Feature record: CXX_FEATURE:1cxx_nonstatic_member_init
    Feature record: CXX_FEATURE:1cxx_nullptr
    Feature record: CXX_FEATURE:1cxx_override
    Feature record: CXX_FEATURE:1cxx_range_for
    Feature record: CXX_FEATURE:1cxx_raw_string_literals
    Feature record: CXX_FEATURE:1cxx_reference_qualified_functions
    Feature record: CXX_FEATURE:0cxx_relaxed_constexpr
    Feature record: CXX_FEATURE:0cxx_return_type_deduction
    Feature record: CXX_FEATURE:1cxx_right_angle_brackets
    Feature record: CXX_FEATURE:1cxx_rvalue_references
    Feature record: CXX_FEATURE:1cxx_sizeof_member
    Feature record: CXX_FEATURE:1cxx_static_assert
    Feature record: CXX_FEATURE:1cxx_strong_enums
    Feature record: CXX_FEATURE:1cxx_template_template_parameters
    Feature record: CXX_FEATURE:1cxx_thread_local
    Feature record: CXX_FEATURE:1cxx_trailing_return_types
    Feature record: CXX_FEATURE:1cxx_unicode_literals
    Feature record: CXX_FEATURE:1cxx_uniform_initialization
    Feature record: CXX_FEATURE:1cxx_unrestricted_unions
    Feature record: CXX_FEATURE:1cxx_user_literals
    Feature record: CXX_FEATURE:0cxx_variable_templates
    Feature record: CXX_FEATURE:1cxx_variadic_macros
    Feature record: CXX_FEATURE:1cxx_variadic_templates


Detecting CXX [-std=c++98] compiler features compiled with the following output:
Change Dir: /home/hexiang/test/build/CMakeFiles/CMakeTmp

Run Build Command:"/usr/bin/make" "cmTC_38791/fast"
/usr/bin/make -f CMakeFiles/cmTC_38791.dir/build.make CMakeFiles/cmTC_38791.dir/build
make[1]: Entering directory '/home/hexiang/test/build/CMakeFiles/CMakeTmp'
Building CXX object CMakeFiles/cmTC_38791.dir/feature_tests.cxx.o
/usr/local/bin/c++    -std=c++98 -o CMakeFiles/cmTC_38791.dir/feature_tests.cxx.o -c /home/hexiang/test/build/CMakeFiles/feature_tests.cxx
Linking CXX executable cmTC_38791
/usr/local/bin/cmake -E cmake_link_script CMakeFiles/cmTC_38791.dir/link.txt --verbose=1
/usr/local/bin/c++       CMakeFiles/cmTC_38791.dir/feature_tests.cxx.o  -o cmTC_38791 
make[1]: Leaving directory '/home/hexiang/test/build/CMakeFiles/CMakeTmp'


    Feature record: CXX_FEATURE:0cxx_aggregate_default_initializers
    Feature record: CXX_FEATURE:0cxx_alias_templates
    Feature record: CXX_FEATURE:0cxx_alignas
    Feature record: CXX_FEATURE:0cxx_alignof
    Feature record: CXX_FEATURE:0cxx_attributes
    Feature record: CXX_FEATURE:0cxx_attribute_deprecated
    Feature record: CXX_FEATURE:0cxx_auto_type
    Feature record: CXX_FEATURE:0cxx_binary_literals
    Feature record: CXX_FEATURE:0cxx_constexpr
    Feature record: CXX_FEATURE:0cxx_contextual_conversions
    Feature record: CXX_FEATURE:0cxx_decltype
    Feature record: CXX_FEATURE:0cxx_decltype_auto
    Feature record: CXX_FEATURE:0cxx_decltype_incomplete_return_types
    Feature record: CXX_FEATURE:0cxx_default_function_template_args
    Feature record: CXX_FEATURE:0cxx_defaulted_functions
    Feature record: CXX_FEATURE:0cxx_defaulted_move_initializers
    Feature record: CXX_FEATURE:0cxx_delegating_constructors
    Feature record: CXX_FEATURE:0cxx_deleted_functions
    Feature record: CXX_FEATURE:0cxx_digit_separators
    Feature record: CXX_FEATURE:0cxx_enum_forward_declarations
    Feature record: CXX_FEATURE:0cxx_explicit_conversions
    Feature record: CXX_FEATURE:0cxx_extended_friend_declarations
    Feature record: CXX_FEATURE:0cxx_extern_templates
    Feature record: CXX_FEATURE:0cxx_final
    Feature record: CXX_FEATURE:0cxx_func_identifier
    Feature record: CXX_FEATURE:0cxx_generalized_initializers
    Feature record: CXX_FEATURE:0cxx_generic_lambdas
    Feature record: CXX_FEATURE:0cxx_inheriting_constructors
    Feature record: CXX_FEATURE:0cxx_inline_namespaces
    Feature record: CXX_FEATURE:0cxx_lambdas
    Feature record: CXX_FEATURE:0cxx_lambda_init_captures
    Feature record: CXX_FEATURE:0cxx_local_type_template_args
    Feature record: CXX_FEATURE:0cxx_long_long_type
    Feature record: CXX_FEATURE:0cxx_noexcept
    Feature record: CXX_FEATURE:0cxx_nonstatic_member_init
    Feature record: CXX_FEATURE:0cxx_nullptr
    Feature record: CXX_FEATURE:0cxx_override
    Feature record: CXX_FEATURE:0cxx_range_for
    Feature record: CXX_FEATURE:0cxx_raw_string_literals
    Feature record: CXX_FEATURE:0cxx_reference_qualified_functions
    Feature record: CXX_FEATURE:0cxx_relaxed_constexpr
    Feature record: CXX_FEATURE:0cxx_return_type_deduction
    Feature record: CXX_FEATURE:0cxx_right_angle_brackets
    Feature record: CXX_FEATURE:0cxx_rvalue_references
    Feature record: CXX_FEATURE:0cxx_sizeof_member
    Feature record: CXX_FEATURE:0cxx_static_assert
    Feature record: CXX_FEATURE:0cxx_strong_enums
    Feature record: CXX_FEATURE:1cxx_template_template_parameters
    Feature record: CXX_FEATURE:0cxx_thread_local
    Feature record: CXX_FEATURE:0cxx_trailing_return_types
    Feature record: CXX_FEATURE:0cxx_unicode_literals
    Feature record: CXX_FEATURE:0cxx_uniform_initialization
    Feature record: CXX_FEATURE:0cxx_unrestricted_unions
    Feature record: CXX_FEATURE:0cxx_user_literals
    Feature record: CXX_FEATURE:0cxx_variable_templates
    Feature record: CXX_FEATURE:0cxx_variadic_macros
    Feature record: CXX_FEATURE:0cxx_variadic_templates
Performing C++ SOURCE FILE Test HAS_WNO_unknown-pragmas succeeded with the following output:
Change Dir: /home/hexiang/test/build/CMakeFiles/CMakeTmp

Run Build Command:"/usr/bin/make" "cmTC_b9650/fast"
/usr/bin/make -f CMakeFiles/cmTC_b9650.dir/build.make CMakeFiles/cmTC_b9650.dir/build
make[1]: Entering directory '/home/hexiang/test/build/CMakeFiles/CMakeTmp'
Building CXX object CMakeFiles/cmTC_b9650.dir/src.cxx.o
/usr/local/bin/c++    -DHAS_WNO_unknown-pragmas   -Wno-unknown-pragmas -std=gnu++17 -o CMakeFiles/cmTC_b9650.dir/src.cxx.o -c /home/hexiang/test/build/CMakeFiles/CMakeTmp/src.cxx
<command-line>: warning: ISO C++11 requires whitespace after the macro name
Linking CXX executable cmTC_b9650
/usr/local/bin/cmake -E cmake_link_script CMakeFiles/cmTC_b9650.dir/link.txt --verbose=1
/usr/local/bin/c++   -DHAS_WNO_unknown-pragmas    CMakeFiles/cmTC_b9650.dir/src.cxx.o  -o cmTC_b9650 
make[1]: Leaving directory '/home/hexiang/test/build/CMakeFiles/CMakeTmp'

Source file was:
int main() { return 0; }
Performing C++ SOURCE FILE Test HAS_WNO_sign-compare succeeded with the following output:
Change Dir: /home/hexiang/test/build/CMakeFiles/CMakeTmp

Run Build Command:"/usr/bin/make" "cmTC_721b6/fast"
/usr/bin/make -f CMakeFiles/cmTC_721b6.dir/build.make CMakeFiles/cmTC_721b6.dir/build
make[1]: Entering directory '/home/hexiang/test/build/CMakeFiles/CMakeTmp'
Building CXX object CMakeFiles/cmTC_721b6.dir/src.cxx.o
/usr/local/bin/c++    -DHAS_WNO_sign-compare   -Wno-sign-compare -std=gnu++17 -o CMakeFiles/cmTC_721b6.dir/src.cxx.o -c /home/hexiang/test/build/CMakeFiles/CMakeTmp/src.cxx
<command-line>: warning: ISO C++11 requires whitespace after the macro name
Linking CXX executable cmTC_721b6
/usr/local/bin/cmake -E cmake_link_script CMakeFiles/cmTC_721b6.dir/link.txt --verbose=1
/usr/local/bin/c++   -DHAS_WNO_sign-compare    CMakeFiles/cmTC_721b6.dir/src.cxx.o  -o cmTC_721b6 
make[1]: Leaving directory '/home/hexiang/test/build/CMakeFiles/CMakeTmp'

Source file was:
int main() { return 0; }
Performing C++ SOURCE FILE Test HAS_WNO_unused-parameter succeeded with the following output:
Change Dir: /home/hexiang/test/build/CMakeFiles/CMakeTmp

Run Build Command:"/usr/bin/make" "cmTC_1b324/fast"
/usr/bin/make -f CMakeFiles/cmTC_1b324.dir/build.make CMakeFiles/cmTC_1b324.dir/build
make[1]: Entering directory '/home/hexiang/test/build/CMakeFiles/CMakeTmp'
Building CXX object CMakeFiles/cmTC_1b324.dir/src.cxx.o
/usr/local/bin/c++    -DHAS_WNO_unused-parameter   -Wno-unused-parameter -std=gnu++17 -o CMakeFiles/cmTC_1b324.dir/src.cxx.o -c /home/hexiang/test/build/CMakeFiles/CMakeTmp/src.cxx
<command-line>: warning: ISO C++11 requires whitespace after the macro name
Linking CXX executable cmTC_1b324
/usr/local/bin/cmake -E cmake_link_script CMakeFiles/cmTC_1b324.dir/link.txt --verbose=1
/usr/local/bin/c++   -DHAS_WNO_unused-parameter    CMakeFiles/cmTC_1b324.dir/src.cxx.o  -o cmTC_1b324 
make[1]: Leaving directory '/home/hexiang/test/build/CMakeFiles/CMakeTmp'

Source file was:
int main() { return 0; }
Performing C++ SOURCE FILE Test HAS_WNO_format succeeded with the following output:
Change Dir: /home/hexiang/test/build/CMakeFiles/CMakeTmp

Run Build Command:"/usr/bin/make" "cmTC_6cfcd/fast"
/usr/bin/make -f CMakeFiles/cmTC_6cfcd.dir/build.make CMakeFiles/cmTC_6cfcd.dir/build
make[1]: Entering directory '/home/hexiang/test/build/CMakeFiles/CMakeTmp'
Building CXX object CMakeFiles/cmTC_6cfcd.dir/src.cxx.o
/usr/local/bin/c++    -DHAS_WNO_format   -Wno-format -std=gnu++17 -o CMakeFiles/cmTC_6cfcd.dir/src.cxx.o -c /home/hexiang/test/build/CMakeFiles/CMakeTmp/src.cxx
Linking CXX executable cmTC_6cfcd
/usr/local/bin/cmake -E cmake_link_script CMakeFiles/cmTC_6cfcd.dir/link.txt --verbose=1
/usr/local/bin/c++   -DHAS_WNO_format    CMakeFiles/cmTC_6cfcd.dir/src.cxx.o  -o cmTC_6cfcd 
make[1]: Leaving directory '/home/hexiang/test/build/CMakeFiles/CMakeTmp'

Source file was:
int main() { return 0; }
Performing C++ SOURCE FILE Test HAS_WNO_delete-non-virtual-dtor succeeded with the following output:
Change Dir: /home/hexiang/test/build/CMakeFiles/CMakeTmp

Run Build Command:"/usr/bin/make" "cmTC_d529c/fast"
/usr/bin/make -f CMakeFiles/cmTC_d529c.dir/build.make CMakeFiles/cmTC_d529c.dir/build
make[1]: Entering directory '/home/hexiang/test/build/CMakeFiles/CMakeTmp'
Building CXX object CMakeFiles/cmTC_d529c.dir/src.cxx.o
/usr/local/bin/c++    -DHAS_WNO_delete-non-virtual-dtor   -Wno-delete-non-virtual-dtor -std=gnu++17 -o CMakeFiles/cmTC_d529c.dir/src.cxx.o -c /home/hexiang/test/build/CMakeFiles/CMakeTmp/src.cxx
<command-line>: warning: ISO C++11 requires whitespace after the macro name
Linking CXX executable cmTC_d529c
/usr/local/bin/cmake -E cmake_link_script CMakeFiles/cmTC_d529c.dir/link.txt --verbose=1
/usr/local/bin/c++   -DHAS_WNO_delete-non-virtual-dtor    CMakeFiles/cmTC_d529c.dir/src.cxx.o  -o cmTC_d529c 
make[1]: Leaving directory '/home/hexiang/test/build/CMakeFiles/CMakeTmp'

Source file was:
int main() { return 0; }
Performing C++ SOURCE FILE Test HAS_WNO_unused-variable succeeded with the following output:
Change Dir: /home/hexiang/test/build/CMakeFiles/CMakeTmp

Run Build Command:"/usr/bin/make" "cmTC_f738a/fast"
/usr/bin/make -f CMakeFiles/cmTC_f738a.dir/build.make CMakeFiles/cmTC_f738a.dir/build
make[1]: Entering directory '/home/hexiang/test/build/CMakeFiles/CMakeTmp'
Building CXX object CMakeFiles/cmTC_f738a.dir/src.cxx.o
/usr/local/bin/c++    -DHAS_WNO_unused-variable   -Wno-unused-variable -std=gnu++17 -o CMakeFiles/cmTC_f738a.dir/src.cxx.o -c /home/hexiang/test/build/CMakeFiles/CMakeTmp/src.cxx
<command-line>: warning: ISO C++11 requires whitespace after the macro name
Linking CXX executable cmTC_f738a
/usr/local/bin/cmake -E cmake_link_script CMakeFiles/cmTC_f738a.dir/link.txt --verbose=1
/usr/local/bin/c++   -DHAS_WNO_unused-variable    CMakeFiles/cmTC_f738a.dir/src.cxx.o  -o cmTC_f738a 
make[1]: Leaving directory '/home/hexiang/test/build/CMakeFiles/CMakeTmp'

Source file was:
int main() { return 0; }
Performing C++ SOURCE FILE Test HAS_WNO_unused-but-set-parameter succeeded with the following output:
Change Dir: /home/hexiang/test/build/CMakeFiles/CMakeTmp

Run Build Command:"/usr/bin/make" "cmTC_74591/fast"
/usr/bin/make -f CMakeFiles/cmTC_74591.dir/build.make CMakeFiles/cmTC_74591.dir/build
make[1]: Entering directory '/home/hexiang/test/build/CMakeFiles/CMakeTmp'
Building CXX object CMakeFiles/cmTC_74591.dir/src.cxx.o
/usr/local/bin/c++    -DHAS_WNO_unused-but-set-parameter   -Wno-unused-but-set-parameter -std=gnu++17 -o CMakeFiles/cmTC_74591.dir/src.cxx.o -c /home/hexiang/test/build/CMakeFiles/CMakeTmp/src.cxx
<command-line>: warning: ISO C++11 requires whitespace after the macro name
Linking CXX executable cmTC_74591
/usr/local/bin/cmake -E cmake_link_script CMakeFiles/cmTC_74591.dir/link.txt --verbose=1
/usr/local/bin/c++   -DHAS_WNO_unused-but-set-parameter    CMakeFiles/cmTC_74591.dir/src.cxx.o  -o cmTC_74591 
make[1]: Leaving directory '/home/hexiang/test/build/CMakeFiles/CMakeTmp'

Source file was:
int main() { return 0; }
Performing C++ SOURCE FILE Test HAS_WNO_cast-function-type succeeded with the following output:
Change Dir: /home/hexiang/test/build/CMakeFiles/CMakeTmp

Run Build Command:"/usr/bin/make" "cmTC_31925/fast"
/usr/bin/make -f CMakeFiles/cmTC_31925.dir/build.make CMakeFiles/cmTC_31925.dir/build
make[1]: Entering directory '/home/hexiang/test/build/CMakeFiles/CMakeTmp'
Building CXX object CMakeFiles/cmTC_31925.dir/src.cxx.o
/usr/local/bin/c++    -DHAS_WNO_cast-function-type   -Wno-cast-function-type -std=gnu++17 -o CMakeFiles/cmTC_31925.dir/src.cxx.o -c /home/hexiang/test/build/CMakeFiles/CMakeTmp/src.cxx
<command-line>: warning: ISO C++11 requires whitespace after the macro name
Linking CXX executable cmTC_31925
/usr/local/bin/cmake -E cmake_link_script CMakeFiles/cmTC_31925.dir/link.txt --verbose=1
/usr/local/bin/c++   -DHAS_WNO_cast-function-type    CMakeFiles/cmTC_31925.dir/src.cxx.o  -o cmTC_31925 
make[1]: Leaving directory '/home/hexiang/test/build/CMakeFiles/CMakeTmp'

Source file was:
int main() { return 0; }
Performing C++ SOURCE FILE Test READLINE_WORKS succeeded with the following output:
Change Dir: /home/hexiang/test/build/CMakeFiles/CMakeTmp

Run Build Command:"/usr/bin/make" "cmTC_e9fd0/fast"
/usr/bin/make -f CMakeFiles/cmTC_e9fd0.dir/build.make CMakeFiles/cmTC_e9fd0.dir/build
make[1]: Entering directory '/home/hexiang/test/build/CMakeFiles/CMakeTmp'
Building CXX object CMakeFiles/cmTC_e9fd0.dir/src.cxx.o
/usr/local/bin/c++    -Wall -DREADLINE_WORKS   -o CMakeFiles/cmTC_e9fd0.dir/src.cxx.o -c /home/hexiang/test/build/CMakeFiles/CMakeTmp/src.cxx
Linking CXX executable cmTC_e9fd0
/usr/local/bin/cmake -E cmake_link_script CMakeFiles/cmTC_e9fd0.dir/link.txt --verbose=1
/usr/local/bin/c++   -Wall -DREADLINE_WORKS    -rdynamic CMakeFiles/cmTC_e9fd0.dir/src.cxx.o  -o cmTC_e9fd0 -lreadline 
make[1]: Leaving directory '/home/hexiang/test/build/CMakeFiles/CMakeTmp'

Return value: 1
Source file was:

#include <stdio.h>
#include <readline/readline.h>
void foo() { readline("foo"); }
int main() { return 0; }

Performing C++ SOURCE FILE Test HAS_NO_UNNEEDED_INTERNAL_DECLARATION succeeded with the following output:
Change Dir: /home/hexiang/test/build/CMakeFiles/CMakeTmp

Run Build Command:"/usr/bin/make" "cmTC_c7030/fast"
/usr/bin/make -f CMakeFiles/cmTC_c7030.dir/build.make CMakeFiles/cmTC_c7030.dir/build
make[1]: Entering directory '/home/hexiang/test/build/CMakeFiles/CMakeTmp'
Building CXX object CMakeFiles/cmTC_c7030.dir/src.cxx.o
/usr/local/bin/c++    -Wall -DHAS_NO_UNNEEDED_INTERNAL_DECLARATION   -Wno-unneeded-internal-declaration -std=gnu++14 -o CMakeFiles/cmTC_c7030.dir/src.cxx.o -c /home/hexiang/test/build/CMakeFiles/CMakeTmp/src.cxx
Linking CXX executable cmTC_c7030
/usr/local/bin/cmake -E cmake_link_script CMakeFiles/cmTC_c7030.dir/link.txt --verbose=1
/usr/local/bin/c++   -Wall -DHAS_NO_UNNEEDED_INTERNAL_DECLARATION    CMakeFiles/cmTC_c7030.dir/src.cxx.o  -o cmTC_c7030 
make[1]: Leaving directory '/home/hexiang/test/build/CMakeFiles/CMakeTmp'

Source file was:
int main() { return 0; }
Determining if the include file pthread.h exists passed with the following output:
Change Dir: /home/hexiang/test/build/CMakeFiles/CMakeTmp

Run Build Command:"/usr/bin/make" "cmTC_02bf5/fast"
/usr/bin/make -f CMakeFiles/cmTC_02bf5.dir/build.make CMakeFiles/cmTC_02bf5.dir/build
make[1]: Entering directory '/home/hexiang/test/build/CMakeFiles/CMakeTmp'
Building CXX object CMakeFiles/cmTC_02bf5.dir/CheckIncludeFile.cxx.o
/usr/local/bin/c++    -std=gnu++17 -o CMakeFiles/cmTC_02bf5.dir/CheckIncludeFile.cxx.o -c /home/hexiang/test/build/CMakeFiles/CMakeTmp/CheckIncludeFile.cxx
Linking CXX executable cmTC_02bf5
/usr/local/bin/cmake -E cmake_link_script CMakeFiles/cmTC_02bf5.dir/link.txt --verbose=1
/usr/local/bin/c++       CMakeFiles/cmTC_02bf5.dir/CheckIncludeFile.cxx.o  -o cmTC_02bf5 
make[1]: Leaving directory '/home/hexiang/test/build/CMakeFiles/CMakeTmp'


